智慧药房机器人系统日志
启动时间: 2025-06-28 12:18:07
==================================================
[2025-06-28 12:18:10] [系统] 系统启动
[2025-06-28 12:18:10] [系统] 任务控制器启动
[2025-06-28 12:18:10] [系统] 系统启动成功
[2025-06-28 12:19:39] [UART接收] START
[2025-06-28 12:19:39] [错误] 未知指令: START
[2025-06-28 12:19:39] [UART发送] error
[2025-06-28 12:19:45] [UART接收] 123
[2025-06-28 12:19:45] [错误] 未知指令: 123
[2025-06-28 12:19:45] [UART发送] error
[2025-06-28 12:20:12] [UART接收] start
[2025-06-28 12:20:12] [系统] 新任务开始
[2025-06-28 12:20:12] [UART发送] ok
[2025-06-28 12:20:12] [语音] 系统开始运行
[2025-06-28 12:20:20] [UART接收] check board 1
[2025-06-28 12:20:22] [UART发送] no_qr_found
[2025-06-28 12:21:18] [UART接收] check board 1
[2025-06-28 12:21:19] [UART发送] no_qr_found
[2025-06-28 12:21:39] [UART接收] check board 1
[2025-06-28 12:21:41] [UART发送] no_qr_found
[2025-06-28 12:21:47] [UART接收] check board 1
[2025-06-28 12:21:49] [UART发送] no_qr_found
[2025-06-28 12:21:59] [UART接收] check board 1
[2025-06-28 12:22:00] [UART发送] no_qr_found
[2025-06-28 12:22:06] [UART接收] check board 1
[2025-06-28 12:22:08] [UART发送] no_qr_found
[2025-06-28 12:22:21] [UART接收] check A
[2025-06-28 12:22:21] [采样] A窗口无样本
[2025-06-28 12:22:21] [UART发送] no_sample
[2025-06-28 12:22:29] [UART接收] check 1
[2025-06-28 12:22:29] [配送] 1号血常规窗口: 通过
[2025-06-28 12:22:29] [UART发送] ok
[2025-06-28 12:22:58] [系统] 任务控制器停止
[2025-06-28 12:22:58] [系统] 系统停止
[2025-06-28 12:22:58] [系统] 系统停止
